\BOOKMARK [0][-]{chapter.1}{Einf\374hrung}{}% 1
\BOOKMARK [1][-]{section.1.1}{Motivation}{chapter.1}% 2
\BOOKMARK [1][-]{section.1.2}{Aufgabenstellung}{chapter.1}% 3
\BOOKMARK [2][-]{subsection.1.2.1}{Ausgangslage}{section.1.2}% 4
\BOOKMARK [2][-]{subsection.1.2.2}{Ziel der Arbeit}{section.1.2}% 5
\BOOKMARK [2][-]{subsection.1.2.3}{Aufgabenstellung}{section.1.2}% 6
\BOOKMARK [2][-]{subsection.1.2.4}{Erwartete Resultate}{section.1.2}% 7
\BOOKMARK [1][-]{section.1.3}{Rahmenbedingungen Bachelorarbeit}{chapter.1}% 8
\BOOKMARK [0][-]{chapter.2}{Projektmanagement}{}% 9
\BOOKMARK [1][-]{section.2.1}{Grobe Projektplanung}{chapter.2}% 10
\BOOKMARK [1][-]{section.2.2}{Aufwand}{chapter.2}% 11
\BOOKMARK [1][-]{section.2.3}{Meilensteine}{chapter.2}% 12
\BOOKMARK [1][-]{section.2.4}{Termine}{chapter.2}% 13
\BOOKMARK [1][-]{section.2.5}{Infrastruktur}{chapter.2}% 14
\BOOKMARK [2][-]{subsection.2.5.1}{Quellcode-Verwaltung mit GitHub}{section.2.5}% 15
\BOOKMARK [2][-]{subsection.2.5.2}{Zeitmanagement mit toggl}{section.2.5}% 16
\BOOKMARK [2][-]{subsection.2.5.3}{Dokumentieren mit Pandoc und LaTex}{section.2.5}% 17
\BOOKMARK [2][-]{subsection.2.5.4}{Design Mockup Balsamiq}{section.2.5}% 18
\BOOKMARK [2][-]{subsection.2.5.5}{yUML}{section.2.5}% 19
\BOOKMARK [2][-]{subsection.2.5.6}{Draw.io}{section.2.5}% 20
\BOOKMARK [0][-]{chapter.3}{Recherche}{}% 21
\BOOKMARK [1][-]{section.3.1}{Fachbegriffe}{chapter.3}% 22
\BOOKMARK [1][-]{section.3.2}{Erl\344uterung der Grundlagen}{chapter.3}% 23
\BOOKMARK [2][-]{subsection.3.2.1}{Authentifizierung}{section.3.2}% 24
\BOOKMARK [2][-]{subsection.3.2.2}{Autorisierung}{section.3.2}% 25
\BOOKMARK [1][-]{section.3.3}{Grundlegende Sicherheitsprinzipien}{chapter.3}% 26
\BOOKMARK [2][-]{subsection.3.3.1}{KISS}{section.3.3}% 27
\BOOKMARK [2][-]{subsection.3.3.2}{Default-is-deny}{section.3.3}% 28
\BOOKMARK [2][-]{subsection.3.3.3}{Open Design}{section.3.3}% 29
\BOOKMARK [2][-]{subsection.3.3.4}{Zusammenfassung der Sicherheitsprinzipien}{section.3.3}% 30
\BOOKMARK [1][-]{section.3.4}{\304hnliche Produkte auf dem Markt}{chapter.3}% 31
\BOOKMARK [2][-]{subsection.3.4.1}{OAuth-Provider}{section.3.4}% 32
\BOOKMARK [2][-]{subsection.3.4.2}{playbuzz.com}{section.3.4}% 33
\BOOKMARK [2][-]{subsection.3.4.3}{WebSMS.com Zwei-Faktor-Authentifizierung}{section.3.4}% 34
\BOOKMARK [2][-]{subsection.3.4.4}{SuisseID}{section.3.4}% 35
\BOOKMARK [1][-]{section.3.5}{Fazit}{chapter.3}% 36
\BOOKMARK [1][-]{section.3.6}{Authetentifizierungskomponenten}{chapter.3}% 37
\BOOKMARK [2][-]{subsection.3.6.1}{Cookie}{section.3.6}% 38
\BOOKMARK [2][-]{subsection.3.6.2}{Flash-Cookies}{section.3.6}% 39
\BOOKMARK [2][-]{subsection.3.6.3}{Mehrfachteilnahme}{section.3.6}% 40
\BOOKMARK [2][-]{subsection.3.6.4}{IP-Adresse}{section.3.6}% 41
\BOOKMARK [2][-]{subsection.3.6.5}{Kosten}{section.3.6}% 42
\BOOKMARK [2][-]{subsection.3.6.6}{Captcha}{section.3.6}% 43
\BOOKMARK [2][-]{subsection.3.6.7}{Zwei-Faktor-Authentifizierung}{section.3.6}% 44
\BOOKMARK [2][-]{subsection.3.6.8}{E-Mail-Best\344tigungscode}{section.3.6}% 45
\BOOKMARK [2][-]{subsection.3.6.9}{SMS- Best\344tigungscode}{section.3.6}% 46
\BOOKMARK [2][-]{subsection.3.6.10}{Telefonanruf mit Best\344tigungscode}{section.3.6}% 47
\BOOKMARK [2][-]{subsection.3.6.11}{Postversand}{section.3.6}% 48
\BOOKMARK [2][-]{subsection.3.6.12}{OAuth}{section.3.6}% 49
\BOOKMARK [2][-]{subsection.3.6.13}{SuisseID Integration}{section.3.6}% 50
\BOOKMARK [2][-]{subsection.3.6.14}{Automatisierungsm\366glichkeit}{section.3.6}% 51
\BOOKMARK [2][-]{subsection.3.6.15}{Browser Fingerprints}{section.3.6}% 52
\BOOKMARK [0][-]{chapter.4}{Anforderungen}{}% 53
\BOOKMARK [1][-]{section.4.1}{Akteure}{chapter.4}% 54
\BOOKMARK [1][-]{section.4.2}{Use-Cases}{chapter.4}% 55
\BOOKMARK [2][-]{subsection.4.2.1}{Use-Cases Diagramm}{section.4.2}% 56
\BOOKMARK [2][-]{subsection.4.2.2}{Use-Cases Beschreibung}{section.4.2}% 57
\BOOKMARK [1][-]{section.4.3}{Anforderungen}{chapter.4}% 58
\BOOKMARK [2][-]{subsection.4.3.1}{Aufbau}{section.4.3}% 59
\BOOKMARK [1][-]{section.4.4}{Funktionale Anforderungen}{chapter.4}% 60
\BOOKMARK [2][-]{subsection.4.4.1}{FREQ-111 Programmierer Registration}{section.4.4}% 61
\BOOKMARK [2][-]{subsection.4.4.2}{FREQ-112 Programmierer Login}{section.4.4}% 62
\BOOKMARK [2][-]{subsection.4.4.3}{FREQ-113 Programmierer Passwort vergessen}{section.4.4}% 63
\BOOKMARK [2][-]{subsection.4.4.4}{FREQ-114 Programmierer Passwort \344ndern}{section.4.4}% 64
\BOOKMARK [2][-]{subsection.4.4.5}{FREQ-211 Konfigurieren eines neuen Social-Media-Modul Authentifizierungsvorgangs}{section.4.4}% 65
\BOOKMARK [2][-]{subsection.4.4.6}{FREQ-212 Antworten der Umfrage in Authentifizerungsservice importieren}{section.4.4}% 66
\BOOKMARK [2][-]{subsection.4.4.7}{FREQ-213 Umfrageergebnisse zur Konfiguration nutzen}{section.4.4}% 67
\BOOKMARK [2][-]{subsection.4.4.8}{FREQ-214 Anpassen eines Authentifizierungsvorgangs}{section.4.4}% 68
\BOOKMARK [2][-]{subsection.4.4.9}{FREQ-215 Authentifizerungs-Stufe ausw\344hlen}{section.4.4}% 69
\BOOKMARK [2][-]{subsection.4.4.10}{FREQ-251 Generierung von Code f\374r Einbinden in ein vorhandenes System}{section.4.4}% 70
\BOOKMARK [2][-]{subsection.4.4.11}{FREQ-311 Authentifizieren}{section.4.4}% 71
\BOOKMARK [2][-]{subsection.4.4.12}{FREQ-411 Report der Authentifizierungen generieren}{section.4.4}% 72
\BOOKMARK [1][-]{section.4.5}{Nicht Funktionale Anforderungen}{chapter.4}% 73
\BOOKMARK [2][-]{subsection.4.5.1}{NFREQ-110 Betriebsystemunabh\344ngigkeit}{section.4.5}% 74
\BOOKMARK [2][-]{subsection.4.5.2}{NFREQ-115 Wartbarkeit}{section.4.5}% 75
\BOOKMARK [2][-]{subsection.4.5.3}{NFREQ-120 Einfache Integration}{section.4.5}% 76
\BOOKMARK [2][-]{subsection.4.5.4}{NFREQ-122 Einfache und verst\344ndliche visuelle Konfiguration}{section.4.5}% 77
\BOOKMARK [2][-]{subsection.4.5.5}{NFREQ-126 Einfache und verst\344ndliche Authentifizierung}{section.4.5}% 78
\BOOKMARK [2][-]{subsection.4.5.6}{NFREQ-130 Performance}{section.4.5}% 79
\BOOKMARK [2][-]{subsection.4.5.7}{NFREQ-132 Skalierbar}{section.4.5}% 80
\BOOKMARK [2][-]{subsection.4.5.8}{NFREQ-135 Hohe Verf\374gbarkeit}{section.4.5}% 81
\BOOKMARK [2][-]{subsection.4.5.9}{NFREQ-210 Programmierer kann aus Vielzahl von verschiedenen Sicherheitsstufen ausw\344hlen}{section.4.5}% 82
\BOOKMARK [2][-]{subsection.4.5.10}{NFREQ-212 Die verwendeten Sicherheitsstufen sind in der Schweiz verbreitet}{section.4.5}% 83
\BOOKMARK [1][-]{section.4.6}{Risiken}{chapter.4}% 84
\BOOKMARK [2][-]{subsection.4.6.1}{R-01 Akzeptanz}{section.4.6}% 85
\BOOKMARK [2][-]{subsection.4.6.2}{R-02 Kosten}{section.4.6}% 86
\BOOKMARK [2][-]{subsection.4.6.3}{R-03 \334berkomplexit\344t}{section.4.6}% 87
\BOOKMARK [2][-]{subsection.4.6.4}{R-04 Systemumfeld\344nderungen}{section.4.6}% 88
\BOOKMARK [2][-]{subsection.4.6.5}{R-05 Schlechte/Unzureichende Framework}{section.4.6}% 89
\BOOKMARK [2][-]{subsection.4.6.6}{R-06 Termineinhaltung}{section.4.6}% 90
\BOOKMARK [2][-]{subsection.4.6.7}{R-07 Auslastung}{section.4.6}% 91
\BOOKMARK [2][-]{subsection.4.6.8}{Risikomatrix}{section.4.6}% 92
\BOOKMARK [2][-]{subsection.4.6.9}{Massnahmen}{section.4.6}% 93
\BOOKMARK [0][-]{chapter.5}{Konzept}{}% 94
\BOOKMARK [1][-]{section.5.1}{Architektur}{chapter.5}% 95
\BOOKMARK [1][-]{section.5.2}{Software Design}{chapter.5}% 96
\BOOKMARK [2][-]{subsection.5.2.1}{Webservice}{section.5.2}% 97
\BOOKMARK [2][-]{subsection.5.2.2}{}{section.5.2}% 98
\BOOKMARK [1][-]{section.5.3}{Genereller Ablauf Authentifizierung}{chapter.5}% 99
\BOOKMARK [1][-]{section.5.4}{Dom\344nenmodel Differenziert}{chapter.5}% 100
\BOOKMARK [1][-]{section.5.5}{Datenbankdesign}{chapter.5}% 101
\BOOKMARK [2][-]{subsection.5.5.1}{Entity-Framework}{section.5.5}% 102
\BOOKMARK [2][-]{subsection.5.5.2}{ERD}{section.5.5}% 103
\BOOKMARK [1][-]{section.5.6}{Integration der Schnittstelle}{chapter.5}% 104
\BOOKMARK [2][-]{subsection.5.6.1}{Bestehende Systeme f\374r Votings, Wettbewerbe und Quizes}{section.5.6}% 105
\BOOKMARK [2][-]{subsection.5.6.2}{Wordpress PlugIn Hook}{section.5.6}% 106
\BOOKMARK [2][-]{subsection.5.6.3}{Parallellen im \344hnliches Anwendungsfeld}{section.5.6}% 107
\BOOKMARK [2][-]{subsection.5.6.4}{Integrationsentscheid}{section.5.6}% 108
\BOOKMARK [2][-]{subsection.5.6.5}{Integrationskonzept}{section.5.6}% 109
\BOOKMARK [2][-]{subsection.5.6.6}{Integrationsparameter}{section.5.6}% 110
\BOOKMARK [1][-]{section.5.7}{Sicherheitstufen integrieren}{chapter.5}% 111
\BOOKMARK [2][-]{subsection.5.7.1}{Sicherheitstufen bewerten}{section.5.7}% 112
\BOOKMARK [2][-]{subsection.5.7.2}{Auswahl der zu integrierenden Sicherheitsstufen}{section.5.7}% 113
\BOOKMARK [1][-]{section.5.8}{Modularit\344t und Erweiterbarkeit}{chapter.5}% 114
\BOOKMARK [2][-]{subsection.5.8.1}{Design by Contract}{section.5.8}% 115
\BOOKMARK [2][-]{subsection.5.8.2}{MEF - Managed Extensibility Framework}{section.5.8}% 116
\BOOKMARK [2][-]{subsection.5.8.3}{Entscheidung}{section.5.8}% 117
\BOOKMARK [2][-]{subsection.5.8.4}{Sicherheitsstufen Libaray-\334bersicht anhand MEF}{section.5.8}% 118
\BOOKMARK [1][-]{section.5.9}{Mockup}{chapter.5}% 119
\BOOKMARK [2][-]{subsection.5.9.1}{Konfigurator Template}{section.5.9}% 120
\BOOKMARK [2][-]{subsection.5.9.2}{Authentifizierungs-Lightbox Template}{section.5.9}% 121
\BOOKMARK [2][-]{subsection.5.9.3}{Hinweis zur Zusammenarbeit mit dem Auftraggeber}{section.5.9}% 122
\BOOKMARK [1][-]{section.5.10}{Wahl des Applikation Hosters}{chapter.5}% 123
\BOOKMARK [2][-]{subsection.5.10.1}{Asp.net Shared Hosting}{section.5.10}% 124
\BOOKMARK [2][-]{subsection.5.10.2}{Cloud Hosting}{section.5.10}% 125
\BOOKMARK [2][-]{subsection.5.10.3}{Entscheidung}{section.5.10}% 126
\BOOKMARK [1][-]{section.5.11}{Validierung von Benutzereingaben}{chapter.5}% 127
\BOOKMARK [1][-]{section.5.12}{Testing}{chapter.5}% 128
\BOOKMARK [2][-]{subsection.5.12.1}{Wie kann getestet werden?}{section.5.12}% 129
\BOOKMARK [2][-]{subsection.5.12.2}{Was soll getestet werden?}{section.5.12}% 130
\BOOKMARK [2][-]{subsection.5.12.3}{Repository Pattern}{section.5.12}% 131
\BOOKMARK [1][-]{section.5.13}{Systemarchitektur}{chapter.5}% 132
\BOOKMARK [0][-]{chapter.6}{Proof Of Concept}{}% 133
\BOOKMARK [1][-]{section.6.1}{Techologien}{chapter.6}% 134
\BOOKMARK [2][-]{subsection.6.1.1}{C-Sharp}{section.6.1}% 135
\BOOKMARK [2][-]{subsection.6.1.2}{ASP.net Web API 2 / ASP.net MVC Framework}{section.6.1}% 136
\BOOKMARK [2][-]{subsection.6.1.3}{Entity Framework}{section.6.1}% 137
\BOOKMARK [2][-]{subsection.6.1.4}{Grunt}{section.6.1}% 138
\BOOKMARK [2][-]{subsection.6.1.5}{AngularJS}{section.6.1}% 139
\BOOKMARK [2][-]{subsection.6.1.6}{JSON}{section.6.1}% 140
\BOOKMARK [1][-]{section.6.2}{Umsetzung Sicherheitsstufe}{chapter.6}% 141
\BOOKMARK [2][-]{subsection.6.2.1}{Plugin Entwicklung}{section.6.2}% 142
\BOOKMARK [2][-]{subsection.6.2.2}{Interface - Vertrag mit den Sicherheitsstufen}{section.6.2}% 143
\BOOKMARK [1][-]{section.6.3}{Finale Screens}{chapter.6}% 144
\BOOKMARK [2][-]{subsection.6.3.1}{AngularJS-Konfigurator}{section.6.3}% 145
\BOOKMARK [2][-]{subsection.6.3.2}{Authentifizierung-Lightbox mit Sicherheitsstufen}{section.6.3}% 146
\BOOKMARK [1][-]{section.6.4}{Implementation Authentifizierung}{chapter.6}% 147
\BOOKMARK [0][-]{chapter.7}{Studie}{}% 148
\BOOKMARK [1][-]{section.7.1}{Definition der Begriffe aus Aufgabenstellung}{chapter.7}% 149
\BOOKMARK [1][-]{section.7.2}{Ziel der Studie}{chapter.7}% 150
\BOOKMARK [1][-]{section.7.3}{Art der Studie}{chapter.7}% 151
\BOOKMARK [2][-]{subsection.7.3.1}{Vor - und Nachteile schriftlicher Fragebogen}{section.7.3}% 152
\BOOKMARK [2][-]{subsection.7.3.2}{Fazit}{section.7.3}% 153
\BOOKMARK [2][-]{subsection.7.3.3}{Webapplikation f\374r Umfrage}{section.7.3}% 154
\BOOKMARK [1][-]{section.7.4}{Aufbau Gesamtkonzept}{chapter.7}% 155
\BOOKMARK [2][-]{subsection.7.4.1}{Einleitung}{section.7.4}% 156
\BOOKMARK [1][-]{section.7.5}{Hauptteil/Fragen}{chapter.7}% 157
\BOOKMARK [2][-]{subsection.7.5.1}{Erste Frage Theorie}{section.7.5}% 158
\BOOKMARK [1][-]{section.7.6}{Erste Frage}{chapter.7}% 159
\BOOKMARK [1][-]{section.7.7}{Theorie Fragen}{chapter.7}% 160
\BOOKMARK [1][-]{section.7.8}{Fragen \374ber Aktzeptanz}{chapter.7}% 161
\BOOKMARK [1][-]{section.7.9}{Frage Anstrengung}{chapter.7}% 162
\BOOKMARK [1][-]{section.7.10}{Bonus Frage, Umgehung der Absicherung}{chapter.7}% 163
\BOOKMARK [0][-]{chapter.8}{Weitere Fragen}{}% 164
\BOOKMARK [1][-]{section.8.1}{Abschluss}{chapter.8}% 165
\BOOKMARK [1][-]{section.8.2}{Verst\344ndlichkeit}{chapter.8}% 166
\BOOKMARK [1][-]{section.8.3}{Auswertung}{chapter.8}% 167
\BOOKMARK [2][-]{subsection.8.3.1}{Repr\344sentativit\344t}{section.8.3}% 168
\BOOKMARK [2][-]{subsection.8.3.2}{Gemogelt an Wettbewerben}{section.8.3}% 169
\BOOKMARK [2][-]{subsection.8.3.3}{Bonus Frage, Umgehung der Absicherung}{section.8.3}% 170
\BOOKMARK [1][-]{section.8.4}{Anstrengung}{chapter.8}% 171
\BOOKMARK [1][-]{section.8.5}{Aktzeptanz}{chapter.8}% 172
\BOOKMARK [0][-]{chapter.9}{Fazit}{}% 173
\BOOKMARK [0][-]{appendix.A}{Glossar}{}% 174
\BOOKMARK [0][-]{appendix.B}{Verzeichnisse}{}% 175
\BOOKMARK [1][-]{section.B.1}{Abbildungsverzeichnis}{appendix.B}% 176
\BOOKMARK [1][-]{section.B.2}{Quellenverzeichnis}{appendix.B}% 177
\BOOKMARK [1][-]{section.B.3}{Tabellenverzeichnis}{appendix.B}% 178
\BOOKMARK [0][-]{appendix.C}{Danksagung}{}% 179
\BOOKMARK [0][-]{appendix.D}{Personalienblatt}{}% 180
\BOOKMARK [0][-]{appendix.E}{Best\344tigung}{}% 181
