\BOOKMARK [-1][-]{part.1}{Pr\344ambel}{}% 1
\BOOKMARK [0][-]{chapter.1}{Einf\374hrung}{part.1}% 2
\BOOKMARK [1][-]{section.1.1}{Motivation und Fragestellung}{chapter.1}% 3
\BOOKMARK [0][-]{chapter.2}{Recherche}{part.1}% 4
\BOOKMARK [1][-]{section.2.1}{Fachbegriffe}{chapter.2}% 5
\BOOKMARK [1][-]{section.2.2}{Erl\344uterung der Grundlagen}{chapter.2}% 6
\BOOKMARK [2][-]{subsection.2.2.1}{Authentifizierung}{section.2.2}% 7
\BOOKMARK [2][-]{subsection.2.2.2}{Autorisierung}{section.2.2}% 8
\BOOKMARK [2][-]{subsection.2.2.3}{Captcha}{section.2.2}% 9
\BOOKMARK [2][-]{subsection.2.2.4}{OAuth}{section.2.2}% 10
\BOOKMARK [1][-]{section.2.3}{\304hnliche Produkte auf dem Markt}{chapter.2}% 11
\BOOKMARK [2][-]{subsection.2.3.1}{OAuth-Provider}{section.2.3}% 12
\BOOKMARK [2][-]{subsection.2.3.2}{playbuzz.com}{section.2.3}% 13
\BOOKMARK [1][-]{section.2.4}{Grundlegende Sicherheitskonzepte}{chapter.2}% 14
\BOOKMARK [2][-]{subsection.2.4.1}{KISS}{section.2.4}% 15
\BOOKMARK [0][-]{chapter.3}{Grundlagen}{part.1}% 16
\BOOKMARK [1][-]{section.3.1}{Basisbegriffe}{chapter.3}% 17
\BOOKMARK [2][-]{subsection.3.1.1}{Authentifizierung}{section.3.1}% 18
\BOOKMARK [2][-]{subsection.3.1.2}{Autorisierung}{section.3.1}% 19
\BOOKMARK [0][-]{chapter.4}{Glossar}{part.1}% 20
\BOOKMARK [0][-]{chapter.5}{Verzeichnisse}{part.1}% 21
\BOOKMARK [1][-]{section.5.1}{Abbildungsverzeichnis}{chapter.5}% 22
\BOOKMARK [1][-]{section.5.2}{Quellenverzeichnis}{chapter.5}% 23
\BOOKMARK [1][-]{section.5.3}{Tabellenverzeichnis}{chapter.5}% 24
